Arguments: 
  /home/yasin/.nvm/versions/node/v20.10.0/bin/node /snap/node/8439/bin/yarn.js add @apollo/server graphql

PATH: 
  /home/yasin/.meteor:/home/yasin/.meteor:/home/yasin/.meteor:/home/yasin/.nvm/versions/node/v20.10.0/bin:/home/yasin/.local/share/umake/bin:/home/yasin/.local/share/solana/install/active_release/bin:/home/yasin/.cargo/bin:/home/yasin/.local/bin:/usr/local/sbin:/usr/local/bin:/usr/sbin:/usr/bin:/sbin:/bin:/usr/games:/usr/local/games:/snap/bin:/snap/bin

Yarn version: 
  1.22.19

Node version: 
  20.10.0

Platform: 
  linux x64

Trace: 
  Error: getaddrinfo EAI_AGAIN registry.yarnpkg.com
      at GetAddrInfoReqWrap.onlookupall [as oncomplete] (node:dns:118:26)

npm manifest: 
  {
    "name": "first-graphql-backend",
    "version": "1.0.0",
    "description": "",
    "main": "index.js",
    "devDependencies": {},
    "scripts": {
      "test": "echo \"Error: no test specified\" && exit 1"
    },
    "keywords": [],
    "author": "",
    "license": "ISC"
  }

yarn manifest: 
  No manifest

Lockfile: 
  # THIS IS AN AUTOGENERATED FILE. DO NOT EDIT THIS FILE DIRECTLY.
  # yarn lockfile v1
